<?xml version="1.0" encoding="UTF-8"?>
<testng-results ignored="0" total="5" passed="5" failed="0" skipped="0">
  <reporter-output>
  </reporter-output>
  <suite started-at="2021-06-07T00:16:21 IST" name="OrangeHRMDemoTestCases" finished-at="2021-06-07T00:18:25 IST" duration-ms="124126">
    <groups>
    </groups>
    <test started-at="2021-06-07T00:16:21 IST" name="ValidLoginTests" finished-at="2021-06-07T00:17:38 IST" duration-ms="77570">
      <class name="QualityKioskTraining.OrangeHRMTestCases.TestCases.ValidLoginTestCases">
        <test-method is-config="true" signature="init(java.lang.String)[pri:0, instance:QualityKioskTraining.OrangeHRMTestCases.TestCases.ValidLoginTestCases@50b5ac82]" started-at="2021-06-07T00:16:21 IST" name="init" finished-at="2021-06-07T00:17:22 IST" duration-ms="61204" status="PASS">
          <params>
            <param index="0">
              <value>
                <![CDATA[CHROME]]>
              </value>
            </param>
          </params>
          <reporter-output>
          </reporter-output>
        </test-method> <!-- init -->
        <test-method signature="testLoginWithValidCredential()[pri:1, instance:QualityKioskTraining.OrangeHRMTestCases.TestCases.ValidLoginTestCases@50b5ac82]" started-at="2021-06-07T00:17:22 IST" name="testLoginWithValidCredential" finished-at="2021-06-07T00:17:38 IST" duration-ms="16262" status="PASS">
          <reporter-output>
          </reporter-output>
        </test-method> <!-- testLoginWithValidCredential -->
      </class> <!-- QualityKioskTraining.OrangeHRMTestCases.TestCases.ValidLoginTestCases -->
    </test> <!-- ValidLoginTests -->
    <test started-at="2021-06-07T00:17:39 IST" name="InValidLoginTests" finished-at="2021-06-07T00:18:25 IST" duration-ms="45352">
      <class name="QualityKioskTraining.OrangeHRMTestCases.TestCases.InvalidLoginTestCases">
        <test-method is-config="true" signature="init(java.lang.String)[pri:0, instance:QualityKioskTraining.OrangeHRMTestCases.TestCases.InvalidLoginTestCases@20ccf40b]" started-at="2021-06-07T00:17:39 IST" name="init" finished-at="2021-06-07T00:18:09 IST" duration-ms="29947" status="PASS">
          <params>
            <param index="0">
              <value>
                <![CDATA[CHROME]]>
              </value>
            </param>
          </params>
          <reporter-output>
          </reporter-output>
        </test-method> <!-- init -->
        <test-method signature="testLoginWithInValidCredential(java.lang.String, java.lang.String, java.lang.String)[pri:1, instance:QualityKioskTraining.OrangeHRMTestCases.TestCases.InvalidLoginTestCases@20ccf40b]" started-at="2021-06-07T00:18:20 IST" name="testLoginWithInValidCredential" data-provider="inValidCredentialFromExcel" finished-at="2021-06-07T00:18:21 IST" duration-ms="1300" status="PASS">
          <params>
            <param index="0">
              <value>
                <![CDATA[Admin]]>
              </value>
            </param>
            <param index="1">
              <value>
                <![CDATA[]]>
              </value>
            </param>
            <param index="2">
              <value>
                <![CDATA[Password cannot be empty]]>
              </value>
            </param>
          </params>
          <reporter-output>
          </reporter-output>
        </test-method> <!-- testLoginWithInValidCredential -->
        <test-method signature="testLoginWithInValidCredential(java.lang.String, java.lang.String, java.lang.String)[pri:1, instance:QualityKioskTraining.OrangeHRMTestCases.TestCases.InvalidLoginTestCases@20ccf40b]" started-at="2021-06-07T00:18:21 IST" name="testLoginWithInValidCredential" data-provider="inValidCredentialFromExcel" finished-at="2021-06-07T00:18:22 IST" duration-ms="629" status="PASS">
          <params>
            <param index="0">
              <value>
                <![CDATA[]]>
              </value>
            </param>
            <param index="1">
              <value>
                <![CDATA[admin123]]>
              </value>
            </param>
            <param index="2">
              <value>
                <![CDATA[Username cannot be empty]]>
              </value>
            </param>
          </params>
          <reporter-output>
          </reporter-output>
        </test-method> <!-- testLoginWithInValidCredential -->
        <test-method signature="testLoginWithInValidCredential(java.lang.String, java.lang.String, java.lang.String)[pri:1, instance:QualityKioskTraining.OrangeHRMTestCases.TestCases.InvalidLoginTestCases@20ccf40b]" started-at="2021-06-07T00:18:22 IST" name="testLoginWithInValidCredential" data-provider="inValidCredentialFromExcel" finished-at="2021-06-07T00:18:22 IST" duration-ms="430" status="PASS">
          <params>
            <param index="0">
              <value>
                <![CDATA[]]>
              </value>
            </param>
            <param index="1">
              <value>
                <![CDATA[]]>
              </value>
            </param>
            <param index="2">
              <value>
                <![CDATA[Username cannot be empty]]>
              </value>
            </param>
          </params>
          <reporter-output>
          </reporter-output>
        </test-method> <!-- testLoginWithInValidCredential -->
        <test-method signature="testLoginWithInValidCredential(java.lang.String, java.lang.String, java.lang.String)[pri:1, instance:QualityKioskTraining.OrangeHRMTestCases.TestCases.InvalidLoginTestCases@20ccf40b]" started-at="2021-06-07T00:18:22 IST" name="testLoginWithInValidCredential" data-provider="inValidCredentialFromExcel" finished-at="2021-06-07T00:18:25 IST" duration-ms="2304" status="PASS">
          <params>
            <param index="0">
              <value>
                <![CDATA[Pranoday]]>
              </value>
            </param>
            <param index="1">
              <value>
                <![CDATA[Dingare]]>
              </value>
            </param>
            <param index="2">
              <value>
                <![CDATA[Invalid credentials]]>
              </value>
            </param>
          </params>
          <reporter-output>
          </reporter-output>
        </test-method> <!-- testLoginWithInValidCredential -->
      </class> <!-- QualityKioskTraining.OrangeHRMTestCases.TestCases.InvalidLoginTestCases -->
    </test> <!-- InValidLoginTests -->
  </suite> <!-- OrangeHRMDemoTestCases -->
</testng-results>
