<?xml version="1.0" encoding="UTF-8"?>
<testng-results ignored="0" total="4" passed="4" failed="0" skipped="0">
  <reporter-output>
  </reporter-output>
  <suite started-at="2021-05-31T01:44:31 IST" name="OrangeHRMDemoTestCases" finished-at="2021-05-31T01:46:14 IST" duration-ms="103630">
    <groups>
    </groups>
    <test started-at="2021-05-31T01:44:31 IST" name="ValidLoginTests" finished-at="2021-05-31T01:45:37 IST" duration-ms="66599">
      <class name="QualityKioskTraining.OrangeHRMTestCases.TestCases.ValidLoginTestCases">
        <test-method is-config="true" signature="init(java.lang.String)[pri:0, instance:QualityKioskTraining.OrangeHRMTestCases.TestCases.ValidLoginTestCases@2beee7ff]" started-at="2021-05-31T01:44:31 IST" name="init" finished-at="2021-05-31T01:45:23 IST" duration-ms="52327" status="PASS">
          <params>
            <param index="0">
              <value>
                <![CDATA[CHROME]]>
              </value>
            </param>
          </params>
          <reporter-output>
          </reporter-output>
        </test-method> <!-- init -->
        <test-method signature="testLoginWithValidCredential()[pri:1, instance:QualityKioskTraining.OrangeHRMTestCases.TestCases.ValidLoginTestCases@2beee7ff]" started-at="2021-05-31T01:45:23 IST" name="testLoginWithValidCredential" finished-at="2021-05-31T01:45:37 IST" duration-ms="14113" status="PASS">
          <reporter-output>
          </reporter-output>
        </test-method> <!-- testLoginWithValidCredential -->
      </class> <!-- QualityKioskTraining.OrangeHRMTestCases.TestCases.ValidLoginTestCases -->
    </test> <!-- ValidLoginTests -->
    <test started-at="2021-05-31T01:45:38 IST" name="InValidLoginTests" finished-at="2021-05-31T01:46:14 IST" duration-ms="36590">
      <class name="QualityKioskTraining.OrangeHRMTestCases.TestCases.InvalidLoginTestCases">
        <test-method is-config="true" signature="init(java.lang.String)[pri:0, instance:QualityKioskTraining.OrangeHRMTestCases.TestCases.InvalidLoginTestCases@53976f5c]" started-at="2021-05-31T01:45:38 IST" name="init" finished-at="2021-05-31T01:46:07 IST" duration-ms="29490" status="PASS">
          <params>
            <param index="0">
              <value>
                <![CDATA[CHROME]]>
              </value>
            </param>
          </params>
          <reporter-output>
          </reporter-output>
        </test-method> <!-- init -->
        <test-method signature="testLoginWithInValidCredential(java.lang.String, java.lang.String, java.lang.String)[pri:1, instance:QualityKioskTraining.OrangeHRMTestCases.TestCases.InvalidLoginTestCases@53976f5c]" started-at="2021-05-31T01:46:07 IST" name="testLoginWithInValidCredential" data-provider="invalidLoginData" finished-at="2021-05-31T01:46:12 IST" duration-ms="4471" status="PASS">
          <params>
            <param index="0">
              <value>
                <![CDATA[]]>
              </value>
            </param>
            <param index="1">
              <value>
                <![CDATA[admin123]]>
              </value>
            </param>
            <param index="2">
              <value>
                <![CDATA[Username cannot be empty]]>
              </value>
            </param>
          </params>
          <reporter-output>
          </reporter-output>
        </test-method> <!-- testLoginWithInValidCredential -->
        <test-method signature="testLoginWithInValidCredential(java.lang.String, java.lang.String, java.lang.String)[pri:1, instance:QualityKioskTraining.OrangeHRMTestCases.TestCases.InvalidLoginTestCases@53976f5c]" started-at="2021-05-31T01:46:12 IST" name="testLoginWithInValidCredential" data-provider="invalidLoginData" finished-at="2021-05-31T01:46:12 IST" duration-ms="617" status="PASS">
          <params>
            <param index="0">
              <value>
                <![CDATA[Admin]]>
              </value>
            </param>
            <param index="1">
              <value>
                <![CDATA[]]>
              </value>
            </param>
            <param index="2">
              <value>
                <![CDATA[Password cannot be empty]]>
              </value>
            </param>
          </params>
          <reporter-output>
          </reporter-output>
        </test-method> <!-- testLoginWithInValidCredential -->
        <test-method signature="testLoginWithInValidCredential(java.lang.String, java.lang.String, java.lang.String)[pri:1, instance:QualityKioskTraining.OrangeHRMTestCases.TestCases.InvalidLoginTestCases@53976f5c]" started-at="2021-05-31T01:46:12 IST" name="testLoginWithInValidCredential" data-provider="invalidLoginData" finished-at="2021-05-31T01:46:14 IST" duration-ms="1987" status="PASS">
          <params>
            <param index="0">
              <value>
                <![CDATA[kajal]]>
              </value>
            </param>
            <param index="1">
              <value>
                <![CDATA[kajalshele]]>
              </value>
            </param>
            <param index="2">
              <value>
                <![CDATA[Invalid credentials]]>
              </value>
            </param>
          </params>
          <reporter-output>
          </reporter-output>
        </test-method> <!-- testLoginWithInValidCredential -->
      </class> <!-- QualityKioskTraining.OrangeHRMTestCases.TestCases.InvalidLoginTestCases -->
    </test> <!-- InValidLoginTests -->
  </suite> <!-- OrangeHRMDemoTestCases -->
</testng-results>
