<?xml version="1.0" encoding="UTF-8"?>
<!-- Generated by org.testng.reporters.JUnitXMLReporter -->
<testsuite ignored="0" hostname="LAPTOP-GG5LC0BQ" failures="0" tests="4" name="InValidLoginTests" time="45.352" errors="0" timestamp="2021-06-07T00:18:25 IST">
  <testcase classname="QualityKioskTraining.OrangeHRMTestCases.TestCases.InvalidLoginTestCases" name="testLoginWithInValidCredential" time="1.3"/>
  <testcase classname="QualityKioskTraining.OrangeHRMTestCases.TestCases.InvalidLoginTestCases" name="testLoginWithInValidCredential" time="0.629"/>
  <testcase classname="QualityKioskTraining.OrangeHRMTestCases.TestCases.InvalidLoginTestCases" name="testLoginWithInValidCredential" time="0.43"/>
  <testcase classname="QualityKioskTraining.OrangeHRMTestCases.TestCases.InvalidLoginTestCases" name="testLoginWithInValidCredential" time="2.304"/>
</testsuite> <!-- InValidLoginTests -->
