<?xml version="1.0" encoding="UTF-8"?>
<!-- Generated by org.testng.reporters.JUnitXMLReporter -->
<testsuite ignored="0" hostname="LAPTOP-GG5LC0BQ" failures="0" tests="3" name="InValidLoginTests" time="36.59" errors="0" timestamp="2021-05-31T01:46:14 IST">
  <testcase classname="QualityKioskTraining.OrangeHRMTestCases.TestCases.InvalidLoginTestCases" name="testLoginWithInValidCredential" time="4.471"/>
  <testcase classname="QualityKioskTraining.OrangeHRMTestCases.TestCases.InvalidLoginTestCases" name="testLoginWithInValidCredential" time="0.617"/>
  <testcase classname="QualityKioskTraining.OrangeHRMTestCases.TestCases.InvalidLoginTestCases" name="testLoginWithInValidCredential" time="1.987"/>
</testsuite> <!-- InValidLoginTests -->
